Start testing: May 14 06:50 CEST
----------------------------------------------------------
1/35 Testing: entity_storage_test
1/35 Test: entity_storage_test
Command: "/home/farkasau/git/threadmaxx/build-werror/tests/entity_storage_test"
Directory: /home/farkasau/git/threadmaxx/build-werror/tests
"entity_storage_test" start time: May 14 06:50 CEST
Output:
----------------------------------------------------------
OK
<end of output>
Test time =   0.01 sec
----------------------------------------------------------
Test Passed.
"entity_storage_test" end time: May 14 06:50 CEST
"entity_storage_test" time elapsed: 00:00:00
----------------------------------------------------------

2/35 Testing: command_buffer_test
2/35 Test: command_buffer_test
Command: "/home/farkasau/git/threadmaxx/build-werror/tests/command_buffer_test"
Directory: /home/farkasau/git/threadmaxx/build-werror/tests
"command_buffer_test" start time: May 14 06:50 CEST
Output:
----------------------------------------------------------
OK
<end of output>
Test time =   0.00 sec
----------------------------------------------------------
Test Passed.
"command_buffer_test" end time: May 14 06:50 CEST
"command_buffer_test" time elapsed: 00:00:00
----------------------------------------------------------

3/35 Testing: job_system_test
3/35 Test: job_system_test
Command: "/home/farkasau/git/threadmaxx/build-werror/tests/job_system_test"
Directory: /home/farkasau/git/threadmaxx/build-werror/tests
"job_system_test" start time: May 14 06:50 CEST
Output:
----------------------------------------------------------
OK
<end of output>
Test time =   0.00 sec
----------------------------------------------------------
Test Passed.
"job_system_test" end time: May 14 06:50 CEST
"job_system_test" time elapsed: 00:00:00
----------------------------------------------------------

4/35 Testing: determinism_test
4/35 Test: determinism_test
Command: "/home/farkasau/git/threadmaxx/build-werror/tests/determinism_test"
Directory: /home/farkasau/git/threadmaxx/build-werror/tests
"determinism_test" start time: May 14 06:50 CEST
Output:
----------------------------------------------------------
OK
<end of output>
Test time =   0.00 sec
----------------------------------------------------------
Test Passed.
"determinism_test" end time: May 14 06:50 CEST
"determinism_test" time elapsed: 00:00:00
----------------------------------------------------------

5/35 Testing: stats_test
5/35 Test: stats_test
Command: "/home/farkasau/git/threadmaxx/build-werror/tests/stats_test"
Directory: /home/farkasau/git/threadmaxx/build-werror/tests
"stats_test" start time: May 14 06:50 CEST
Output:
----------------------------------------------------------
OK
<end of output>
Test time =   0.00 sec
----------------------------------------------------------
Test Passed.
"stats_test" end time: May 14 06:50 CEST
"stats_test" time elapsed: 00:00:00
----------------------------------------------------------

6/35 Testing: system_stats_test
6/35 Test: system_stats_test
Command: "/home/farkasau/git/threadmaxx/build-werror/tests/system_stats_test"
Directory: /home/farkasau/git/threadmaxx/build-werror/tests
"system_stats_test" start time: May 14 06:50 CEST
Output:
----------------------------------------------------------
OK
<end of output>
Test time =   0.01 sec
----------------------------------------------------------
Test Passed.
"system_stats_test" end time: May 14 06:50 CEST
"system_stats_test" time elapsed: 00:00:00
----------------------------------------------------------

7/35 Testing: query_test
7/35 Test: query_test
Command: "/home/farkasau/git/threadmaxx/build-werror/tests/query_test"
Directory: /home/farkasau/git/threadmaxx/build-werror/tests
"query_test" start time: May 14 06:50 CEST
Output:
----------------------------------------------------------
OK
<end of output>
Test time =   0.00 sec
----------------------------------------------------------
Test Passed.
"query_test" end time: May 14 06:50 CEST
"query_test" time elapsed: 00:00:00
----------------------------------------------------------

8/35 Testing: alpha_test
8/35 Test: alpha_test
Command: "/home/farkasau/git/threadmaxx/build-werror/tests/alpha_test"
Directory: /home/farkasau/git/threadmaxx/build-werror/tests
"alpha_test" start time: May 14 06:50 CEST
Output:
----------------------------------------------------------
OK
<end of output>
Test time =   0.09 sec
----------------------------------------------------------
Test Passed.
"alpha_test" end time: May 14 06:50 CEST
"alpha_test" time elapsed: 00:00:00
----------------------------------------------------------

9/35 Testing: parallel_systems_test
9/35 Test: parallel_systems_test
Command: "/home/farkasau/git/threadmaxx/build-werror/tests/parallel_systems_test"
Directory: /home/farkasau/git/threadmaxx/build-werror/tests
"parallel_systems_test" start time: May 14 06:50 CEST
Output:
----------------------------------------------------------
OK
<end of output>
Test time =   0.15 sec
----------------------------------------------------------
Test Passed.
"parallel_systems_test" end time: May 14 06:50 CEST
"parallel_systems_test" time elapsed: 00:00:00
----------------------------------------------------------

10/35 Testing: acceleration_test
10/35 Test: acceleration_test
Command: "/home/farkasau/git/threadmaxx/build-werror/tests/acceleration_test"
Directory: /home/farkasau/git/threadmaxx/build-werror/tests
"acceleration_test" start time: May 14 06:50 CEST
Output:
----------------------------------------------------------
OK
<end of output>
Test time =   0.01 sec
----------------------------------------------------------
Test Passed.
"acceleration_test" end time: May 14 06:50 CEST
"acceleration_test" time elapsed: 00:00:00
----------------------------------------------------------

11/35 Testing: resource_registry_test
11/35 Test: resource_registry_test
Command: "/home/farkasau/git/threadmaxx/build-werror/tests/resource_registry_test"
Directory: /home/farkasau/git/threadmaxx/build-werror/tests
"resource_registry_test" start time: May 14 06:50 CEST
Output:
----------------------------------------------------------
OK
<end of output>
Test time =   0.01 sec
----------------------------------------------------------
Test Passed.
"resource_registry_test" end time: May 14 06:50 CEST
"resource_registry_test" time elapsed: 00:00:00
----------------------------------------------------------

12/35 Testing: component_mask_test
12/35 Test: component_mask_test
Command: "/home/farkasau/git/threadmaxx/build-werror/tests/component_mask_test"
Directory: /home/farkasau/git/threadmaxx/build-werror/tests
"component_mask_test" start time: May 14 06:50 CEST
Output:
----------------------------------------------------------
OK
<end of output>
Test time =   0.00 sec
----------------------------------------------------------
Test Passed.
"component_mask_test" end time: May 14 06:50 CEST
"component_mask_test" time elapsed: 00:00:00
----------------------------------------------------------

13/35 Testing: hierarchy_test
13/35 Test: hierarchy_test
Command: "/home/farkasau/git/threadmaxx/build-werror/tests/hierarchy_test"
Directory: /home/farkasau/git/threadmaxx/build-werror/tests
"hierarchy_test" start time: May 14 06:50 CEST
Output:
----------------------------------------------------------
OK
<end of output>
Test time =   0.00 sec
----------------------------------------------------------
Test Passed.
"hierarchy_test" end time: May 14 06:50 CEST
"hierarchy_test" time elapsed: 00:00:00
----------------------------------------------------------

14/35 Testing: job_system_stress_test
14/35 Test: job_system_stress_test
Command: "/home/farkasau/git/threadmaxx/build-werror/tests/job_system_stress_test"
Directory: /home/farkasau/git/threadmaxx/build-werror/tests
"job_system_stress_test" start time: May 14 06:50 CEST
Output:
----------------------------------------------------------
OK
<end of output>
Test time =   0.06 sec
----------------------------------------------------------
Test Passed.
"job_system_stress_test" end time: May 14 06:50 CEST
"job_system_stress_test" time elapsed: 00:00:00
----------------------------------------------------------

15/35 Testing: lifecycle_hooks_test
15/35 Test: lifecycle_hooks_test
Command: "/home/farkasau/git/threadmaxx/build-werror/tests/lifecycle_hooks_test"
Directory: /home/farkasau/git/threadmaxx/build-werror/tests
"lifecycle_hooks_test" start time: May 14 06:50 CEST
Output:
----------------------------------------------------------
OK
<end of output>
Test time =   0.00 sec
----------------------------------------------------------
Test Passed.
"lifecycle_hooks_test" end time: May 14 06:50 CEST
"lifecycle_hooks_test" time elapsed: 00:00:00
----------------------------------------------------------

16/35 Testing: scratch_arena_test
16/35 Test: scratch_arena_test
Command: "/home/farkasau/git/threadmaxx/build-werror/tests/scratch_arena_test"
Directory: /home/farkasau/git/threadmaxx/build-werror/tests
"scratch_arena_test" start time: May 14 06:50 CEST
Output:
----------------------------------------------------------
OK
<end of output>
Test time =   0.00 sec
----------------------------------------------------------
Test Passed.
"scratch_arena_test" end time: May 14 06:50 CEST
"scratch_arena_test" time elapsed: 00:00:00
----------------------------------------------------------

17/35 Testing: event_channel_test
17/35 Test: event_channel_test
Command: "/home/farkasau/git/threadmaxx/build-werror/tests/event_channel_test"
Directory: /home/farkasau/git/threadmaxx/build-werror/tests
"event_channel_test" start time: May 14 06:50 CEST
Output:
----------------------------------------------------------
OK
<end of output>
Test time =   0.00 sec
----------------------------------------------------------
Test Passed.
"event_channel_test" end time: May 14 06:50 CEST
"event_channel_test" time elapsed: 00:00:00
----------------------------------------------------------

18/35 Testing: pause_timescale_test
18/35 Test: pause_timescale_test
Command: "/home/farkasau/git/threadmaxx/build-werror/tests/pause_timescale_test"
Directory: /home/farkasau/git/threadmaxx/build-werror/tests
"pause_timescale_test" start time: May 14 06:50 CEST
Output:
----------------------------------------------------------
OK
<end of output>
Test time =   0.00 sec
----------------------------------------------------------
Test Passed.
"pause_timescale_test" end time: May 14 06:50 CEST
"pause_timescale_test" time elapsed: 00:00:00
----------------------------------------------------------

19/35 Testing: reserved_handle_test
19/35 Test: reserved_handle_test
Command: "/home/farkasau/git/threadmaxx/build-werror/tests/reserved_handle_test"
Directory: /home/farkasau/git/threadmaxx/build-werror/tests
"reserved_handle_test" start time: May 14 06:50 CEST
Output:
----------------------------------------------------------
OK
<end of output>
Test time =   0.00 sec
----------------------------------------------------------
Test Passed.
"reserved_handle_test" end time: May 14 06:50 CEST
"reserved_handle_test" time elapsed: 00:00:00
----------------------------------------------------------

20/35 Testing: small_wins_test
20/35 Test: small_wins_test
Command: "/home/farkasau/git/threadmaxx/build-werror/tests/small_wins_test"
Directory: /home/farkasau/git/threadmaxx/build-werror/tests
"small_wins_test" start time: May 14 06:50 CEST
Output:
----------------------------------------------------------
OK
<end of output>
Test time =   0.00 sec
----------------------------------------------------------
Test Passed.
"small_wins_test" end time: May 14 06:50 CEST
"small_wins_test" time elapsed: 00:00:00
----------------------------------------------------------

21/35 Testing: world_has_get_test
21/35 Test: world_has_get_test
Command: "/home/farkasau/git/threadmaxx/build-werror/tests/world_has_get_test"
Directory: /home/farkasau/git/threadmaxx/build-werror/tests
"world_has_get_test" start time: May 14 06:50 CEST
Output:
----------------------------------------------------------
OK
<end of output>
Test time =   0.00 sec
----------------------------------------------------------
Test Passed.
"world_has_get_test" end time: May 14 06:50 CEST
"world_has_get_test" time elapsed: 00:00:00
----------------------------------------------------------

22/35 Testing: bundle_test
22/35 Test: bundle_test
Command: "/home/farkasau/git/threadmaxx/build-werror/tests/bundle_test"
Directory: /home/farkasau/git/threadmaxx/build-werror/tests
"bundle_test" start time: May 14 06:50 CEST
Output:
----------------------------------------------------------
OK
<end of output>
Test time =   0.00 sec
----------------------------------------------------------
Test Passed.
"bundle_test" end time: May 14 06:50 CEST
"bundle_test" time elapsed: 00:00:00
----------------------------------------------------------

23/35 Testing: parent_autoderive_test
23/35 Test: parent_autoderive_test
Command: "/home/farkasau/git/threadmaxx/build-werror/tests/parent_autoderive_test"
Directory: /home/farkasau/git/threadmaxx/build-werror/tests
"parent_autoderive_test" start time: May 14 06:50 CEST
Output:
----------------------------------------------------------
OK
<end of output>
Test time =   0.00 sec
----------------------------------------------------------
Test Passed.
"parent_autoderive_test" end time: May 14 06:50 CEST
"parent_autoderive_test" time elapsed: 00:00:00
----------------------------------------------------------

24/35 Testing: register_system_at_test
24/35 Test: register_system_at_test
Command: "/home/farkasau/git/threadmaxx/build-werror/tests/register_system_at_test"
Directory: /home/farkasau/git/threadmaxx/build-werror/tests
"register_system_at_test" start time: May 14 06:50 CEST
Output:
----------------------------------------------------------
OK
<end of output>
Test time =   0.00 sec
----------------------------------------------------------
Test Passed.
"register_system_at_test" end time: May 14 06:50 CEST
"register_system_at_test" time elapsed: 00:00:00
----------------------------------------------------------

25/35 Testing: reserve_handles_batch_test
25/35 Test: reserve_handles_batch_test
Command: "/home/farkasau/git/threadmaxx/build-werror/tests/reserve_handles_batch_test"
Directory: /home/farkasau/git/threadmaxx/build-werror/tests
"reserve_handles_batch_test" start time: May 14 06:50 CEST
Output:
----------------------------------------------------------
OK
<end of output>
Test time =   0.00 sec
----------------------------------------------------------
Test Passed.
"reserve_handles_batch_test" end time: May 14 06:50 CEST
"reserve_handles_batch_test" time elapsed: 00:00:00
----------------------------------------------------------

26/35 Testing: frame_snapshot_test
26/35 Test: frame_snapshot_test
Command: "/home/farkasau/git/threadmaxx/build-werror/tests/frame_snapshot_test"
Directory: /home/farkasau/git/threadmaxx/build-werror/tests
"frame_snapshot_test" start time: May 14 06:50 CEST
Output:
----------------------------------------------------------
OK
<end of output>
Test time =   0.00 sec
----------------------------------------------------------
Test Passed.
"frame_snapshot_test" end time: May 14 06:50 CEST
"frame_snapshot_test" time elapsed: 00:00:00
----------------------------------------------------------

27/35 Testing: resource_loader_test
27/35 Test: resource_loader_test
Command: "/home/farkasau/git/threadmaxx/build-werror/tests/resource_loader_test"
Directory: /home/farkasau/git/threadmaxx/build-werror/tests
"resource_loader_test" start time: May 14 06:50 CEST
Output:
----------------------------------------------------------
OK
<end of output>
Test time =   0.00 sec
----------------------------------------------------------
Test Passed.
"resource_loader_test" end time: May 14 06:50 CEST
"resource_loader_test" time elapsed: 00:00:00
----------------------------------------------------------

28/35 Testing: spatial_hash_test
28/35 Test: spatial_hash_test
Command: "/home/farkasau/git/threadmaxx/build-werror/tests/spatial_hash_test"
Directory: /home/farkasau/git/threadmaxx/build-werror/tests
"spatial_hash_test" start time: May 14 06:50 CEST
Output:
----------------------------------------------------------
OK
<end of output>
Test time =   0.00 sec
----------------------------------------------------------
Test Passed.
"spatial_hash_test" end time: May 14 06:50 CEST
"spatial_hash_test" time elapsed: 00:00:00
----------------------------------------------------------

29/35 Testing: logger_test
29/35 Test: logger_test
Command: "/home/farkasau/git/threadmaxx/build-werror/tests/logger_test"
Directory: /home/farkasau/git/threadmaxx/build-werror/tests
"logger_test" start time: May 14 06:50 CEST
Output:
----------------------------------------------------------
[threadmaxx][warn] test warn (default sink may print)
OK
<end of output>
Test time =   0.00 sec
----------------------------------------------------------
Test Passed.
"logger_test" end time: May 14 06:50 CEST
"logger_test" time elapsed: 00:00:00
----------------------------------------------------------

30/35 Testing: hierarchy_scale_test
30/35 Test: hierarchy_scale_test
Command: "/home/farkasau/git/threadmaxx/build-werror/tests/hierarchy_scale_test"
Directory: /home/farkasau/git/threadmaxx/build-werror/tests
"hierarchy_scale_test" start time: May 14 06:50 CEST
Output:
----------------------------------------------------------
OK
<end of output>
Test time =   0.00 sec
----------------------------------------------------------
Test Passed.
"hierarchy_scale_test" end time: May 14 06:50 CEST
"hierarchy_scale_test" time elapsed: 00:00:00
----------------------------------------------------------

31/35 Testing: event_subscribe_test
31/35 Test: event_subscribe_test
Command: "/home/farkasau/git/threadmaxx/build-werror/tests/event_subscribe_test"
Directory: /home/farkasau/git/threadmaxx/build-werror/tests
"event_subscribe_test" start time: May 14 06:50 CEST
Output:
----------------------------------------------------------
OK
<end of output>
Test time =   0.00 sec
----------------------------------------------------------
Test Passed.
"event_subscribe_test" end time: May 14 06:50 CEST
"event_subscribe_test" time elapsed: 00:00:00
----------------------------------------------------------

32/35 Testing: job_histogram_test
32/35 Test: job_histogram_test
Command: "/home/farkasau/git/threadmaxx/build-werror/tests/job_histogram_test"
Directory: /home/farkasau/git/threadmaxx/build-werror/tests
"job_histogram_test" start time: May 14 06:50 CEST
Output:
----------------------------------------------------------
OK
<end of output>
Test time =   0.02 sec
----------------------------------------------------------
Test Passed.
"job_histogram_test" end time: May 14 06:50 CEST
"job_histogram_test" time elapsed: 00:00:00
----------------------------------------------------------

33/35 Testing: system_wait_test
33/35 Test: system_wait_test
Command: "/home/farkasau/git/threadmaxx/build-werror/tests/system_wait_test"
Directory: /home/farkasau/git/threadmaxx/build-werror/tests
"system_wait_test" start time: May 14 06:50 CEST
Output:
----------------------------------------------------------
OK
<end of output>
Test time =   0.01 sec
----------------------------------------------------------
Test Passed.
"system_wait_test" end time: May 14 06:50 CEST
"system_wait_test" time elapsed: 00:00:00
----------------------------------------------------------

34/35 Testing: chrome_trace_test
34/35 Test: chrome_trace_test
Command: "/home/farkasau/git/threadmaxx/build-werror/tests/chrome_trace_test"
Directory: /home/farkasau/git/threadmaxx/build-werror/tests
"chrome_trace_test" start time: May 14 06:50 CEST
Output:
----------------------------------------------------------
OK
<end of output>
Test time =   0.00 sec
----------------------------------------------------------
Test Passed.
"chrome_trace_test" end time: May 14 06:50 CEST
"chrome_trace_test" time elapsed: 00:00:00
----------------------------------------------------------

35/35 Testing: serialization_test
35/35 Test: serialization_test
Command: "/home/farkasau/git/threadmaxx/build-werror/tests/serialization_test"
Directory: /home/farkasau/git/threadmaxx/build-werror/tests
"serialization_test" start time: May 14 06:50 CEST
Output:
----------------------------------------------------------
OK
<end of output>
Test time =   0.00 sec
----------------------------------------------------------
Test Passed.
"serialization_test" end time: May 14 06:50 CEST
"serialization_test" time elapsed: 00:00:00
----------------------------------------------------------

End testing: May 14 06:50 CEST
